<?xml version="1.0" encoding="UTF-8"?>
<beans xmlns="http://www.springframework.org/schema/beans"
       xmlns:xsi="http://www.w3.org/2001/XMLSchema-instance"
       xmlns:tx="http://www.springframework.org/schema/tx"
       xsi:schemaLocation="http://www.springframework.org/schema/beans
       http://www.springframework.org/schema/beans/spring-beans-3.1.xsd
       http://www.springframework.org/schema/tx
       http://www.springframework.org/schema/tx/spring-tx-3.1.xsd">

    <import resource="classpath*:test-spring-db.xml"/>

    <bean class="org.springframework.beans.factory.config.PropertyPlaceholderConfigurer">
        <property name="locations">
            <list>
                <value>classpath:database.properties</value>
            </list>
        </property>
    </bean>

    <bean id="sessionFactory" class="org.mybatis.spring.SqlSessionFactoryBean">
        <property name="dataSource" ref="dataSource" />
        <property name="typeAliasesPackage" value="com.moviemarket.model" />
        <property name="mapperLocations" value="classpath*:*Mapper.xml" />
    </bean>

    <tx:annotation-driven/>

    <bean id="categoryMapper" class="org.mybatis.spring.mapper.MapperFactoryBean">
        <property name="mapperInterface" value="com.moviemarket.dao.CategoryMapper" />
        <property name="sqlSessionFactory" ref="sessionFactory" />
    </bean>

    <bean id="categoryService" class="com.moviemarket.service.CategoryServiceImpl">
        <property name="categoryMapper" ref="categoryMapper" />
    </bean>

    <bean id="movieMapper" class="org.mybatis.spring.mapper.MapperFactoryBean">
        <property name="mapperInterface" value="com.moviemarket.dao.MovieMapper" />
        <property name="sqlSessionFactory" ref="sessionFactory" />
    </bean>

    <bean id="movieService" class="com.moviemarket.service.MovieServiceImpl">
        <property name="movieMapper" ref="movieMapper" />
    </bean>

    <bean id="couponMapper" class="org.mybatis.spring.mapper.MapperFactoryBean">
        <property name="mapperInterface" value="com.moviemarket.dao.CouponMapper" />
        <property name="sqlSessionFactory" ref="sessionFactory" />
    </bean>

    <bean id="couponService" class="com.moviemarket.service.CouponServiceImpl">
        <property name="couponMapper" ref="couponMapper" />
    </bean>

    <bean id="orderMapper" class="org.mybatis.spring.mapper.MapperFactoryBean">
        <property name="mapperInterface" value="com.moviemarket.dao.OrderMapper" />
        <property name="sqlSessionFactory" ref="sessionFactory" />
    </bean>

    <bean id="orderService" class="com.moviemarket.service.OrderServiceImpl">
        <property name="orderMapper" ref="orderMapper" />
    </bean>

    <bean id="clientMapper" class="org.mybatis.spring.mapper.MapperFactoryBean">
        <property name="mapperInterface" value="com.moviemarket.dao.ClientMapper" />
        <property name="sqlSessionFactory" ref="sessionFactory" />
    </bean>

    <bean id="clientService" class="com.moviemarket.service.ClientServiceImpl">
        <property name="clientMapper" ref="clientMapper" />
    </bean>

    <bean id="userDetailsService" class="com.moviemarket.service.ClientDetailsServiceImpl">
        <property name="clientService" ref="clientService" />
    </bean>

</beans>